[0.332s] DEBUG:colcon:Command line arguments: ['/usr/bin/colcon', 'build']
[0.332s] DEBUG:colcon:Parsed command line arguments: Namespace(ament_cmake_args=None, base_paths=['.'], build_base='build', catkin_cmake_args=None, catkin_skip_building_tests=False, cmake_args=None, cmake_clean_cache=False, cmake_clean_first=False, cmake_force_configure=False, cmake_target=None, cmake_target_skip_unavailable=False, continue_on_error=False, event_handlers=None, executor='parallel', ignore_user_meta=False, install_base='install', log_base=None, log_level=None, main=<bound method BuildVerb.main of <colcon_core.verb.build.BuildVerb object at 0x7f9431d3f7f0>>, merge_install=False, metas=['./colcon.meta'], packages_above=None, packages_above_and_dependencies=None, packages_above_depth=None, packages_end=None, packages_ignore=None, packages_ignore_regex=None, packages_select=None, packages_select_build_failed=False, packages_select_by_dep=None, packages_select_regex=None, packages_select_test_failures=False, packages_skip=None, packages_skip_build_finished=False, packages_skip_by_dep=None, packages_skip_regex=None, packages_skip_test_passed=False, packages_skip_up_to=None, packages_start=None, packages_up_to=None, packages_up_to_regex=None, parallel_workers=20, paths=None, symlink_install=False, test_result_base=None, verb_extension=<colcon_core.verb.build.BuildVerb object at 0x7f9431d3f7f0>, verb_name='build', verb_parser=<colcon_defaults.argument_parser.defaults.DefaultArgumentsDecorator object at 0x7f9431d464f0>)
[0.338s] Level 1:colcon.colcon_core.package_discovery:discover_packages(colcon_meta) check parameters
[0.338s] Level 1:colcon.colcon_core.package_discovery:discover_packages(recursive) check parameters
[0.338s] Level 1:colcon.colcon_core.package_discovery:discover_packages(ignore) check parameters
[0.338s] Level 1:colcon.colcon_core.package_discovery:discover_packages(path) check parameters
[0.338s] Level 1:colcon.colcon_core.package_discovery:discover_packages(colcon_meta) discover
[0.339s] Level 1:colcon.colcon_core.package_discovery:discover_packages(recursive) discover
[0.339s] INFO:colcon.colcon_core.package_discovery:Crawling recursively for packages in '/home/shenmintao/work/autoware-zenoh-flow/workspace/message_convert'
[0.339s] Level 1:colcon.colcon_core.package_identification:_identify(.) by extensions ['ignore', 'ignore_ament_install']
[0.339s] Level 1:colcon.colcon_core.package_identification:_identify(.) by extension 'ignore'
[0.339s] Level 1:colcon.colcon_core.package_identification:_identify(.) by extension 'ignore_ament_install'
[0.339s] Level 1:colcon.colcon_core.package_identification:_identify(.) by extensions ['colcon_pkg']
[0.339s] Level 1:colcon.colcon_core.package_identification:_identify(.) by extension 'colcon_pkg'
[0.339s] Level 1:colcon.colcon_core.package_identification:_identify(.) by extensions ['colcon_meta']
[0.339s] Level 1:colcon.colcon_core.package_identification:_identify(.) by extension 'colcon_meta'
[0.339s] Level 1:colcon.colcon_core.package_identification:_identify(.) by extensions ['ros']
[0.339s] Level 1:colcon.colcon_core.package_identification:_identify(.) by extension 'ros'
[0.355s] DEBUG:colcon.colcon_core.package_identification:Package '.' with type 'ros.ament_cmake' and name 'message_convert'
[0.355s] Level 1:colcon.colcon_core.package_discovery:discover_packages(recursive) using defaults
[0.355s] Level 1:colcon.colcon_core.package_discovery:discover_packages(ignore) discover
[0.355s] Level 1:colcon.colcon_core.package_discovery:discover_packages(ignore) using defaults
[0.355s] Level 1:colcon.colcon_core.package_discovery:discover_packages(path) discover
[0.355s] Level 1:colcon.colcon_core.package_discovery:discover_packages(path) using defaults
[0.378s] Level 5:colcon.colcon_core.verb:set package 'message_convert' build argument 'cmake_args' from command line to 'None'
[0.378s] Level 5:colcon.colcon_core.verb:set package 'message_convert' build argument 'cmake_target' from command line to 'None'
[0.378s] Level 5:colcon.colcon_core.verb:set package 'message_convert' build argument 'cmake_target_skip_unavailable' from command line to 'False'
[0.378s] Level 5:colcon.colcon_core.verb:set package 'message_convert' build argument 'cmake_clean_cache' from command line to 'False'
[0.378s] Level 5:colcon.colcon_core.verb:set package 'message_convert' build argument 'cmake_clean_first' from command line to 'False'
[0.378s] Level 5:colcon.colcon_core.verb:set package 'message_convert' build argument 'cmake_force_configure' from command line to 'False'
[0.378s] Level 5:colcon.colcon_core.verb:set package 'message_convert' build argument 'ament_cmake_args' from command line to 'None'
[0.378s] Level 5:colcon.colcon_core.verb:set package 'message_convert' build argument 'catkin_cmake_args' from command line to 'None'
[0.378s] Level 5:colcon.colcon_core.verb:set package 'message_convert' build argument 'catkin_skip_building_tests' from command line to 'False'
[0.378s] DEBUG:colcon.colcon_core.verb:Building package 'message_convert' with the following arguments: {'ament_cmake_args': None, 'build_base': '/home/shenmintao/work/autoware-zenoh-flow/workspace/message_convert/build/message_convert', 'catkin_cmake_args': None, 'catkin_skip_building_tests': False, 'cmake_args': None, 'cmake_clean_cache': False, 'cmake_clean_first': False, 'cmake_force_configure': False, 'cmake_target': None, 'cmake_target_skip_unavailable': False, 'install_base': '/home/shenmintao/work/autoware-zenoh-flow/workspace/message_convert/install/message_convert', 'merge_install': False, 'path': '/home/shenmintao/work/autoware-zenoh-flow/workspace/message_convert', 'symlink_install': False, 'test_result_base': None}
[0.379s] INFO:colcon.colcon_core.executor:Executing jobs using 'parallel' executor
[0.381s] DEBUG:colcon.colcon_parallel_executor.executor.parallel:run_until_complete
[0.382s] INFO:colcon.colcon_ros.task.ament_cmake.build:Building ROS package in '/home/shenmintao/work/autoware-zenoh-flow/workspace/message_convert' with build type 'ament_cmake'
[0.382s] INFO:colcon.colcon_cmake.task.cmake.build:Building CMake package in '/home/shenmintao/work/autoware-zenoh-flow/workspace/message_convert'
[0.387s] INFO:colcon.colcon_core.plugin_system:Skipping extension 'colcon_core.shell.bat': Not used on non-Windows systems
[0.387s] INFO:colcon.colcon_core.shell:Skip shell extension 'powershell' for command environment: Not usable outside of PowerShell
[0.387s] DEBUG:colcon.colcon_core.shell:Skip shell extension 'dsv' for command environment
[0.390s] DEBUG:colcon.colcon_core.shell:Ignoring prefix path '/opt/ros/foxy'
[0.415s] DEBUG:colcon.colcon_core.event_handler.log_command:Invoking command in '/home/shenmintao/work/autoware-zenoh-flow/workspace/message_convert/build/message_convert': CMAKE_PREFIX_PATH=${CMAKE_PREFIX_PATH}:/opt/ros/foxy /usr/bin/cmake /home/shenmintao/work/autoware-zenoh-flow/workspace/message_convert -DCMAKE_INSTALL_PREFIX=/home/shenmintao/work/autoware-zenoh-flow/workspace/message_convert/install/message_convert
[3.427s] DEBUG:colcon.colcon_core.event_handler.log_command:Invoked command in '/home/shenmintao/work/autoware-zenoh-flow/workspace/message_convert/build/message_convert' returned '1': CMAKE_PREFIX_PATH=${CMAKE_PREFIX_PATH}:/opt/ros/foxy /usr/bin/cmake /home/shenmintao/work/autoware-zenoh-flow/workspace/message_convert -DCMAKE_INSTALL_PREFIX=/home/shenmintao/work/autoware-zenoh-flow/workspace/message_convert/install/message_convert
[3.473s] Level 1:colcon.colcon_core.environment:create_environment_scripts_only(message_convert)
[3.477s] Level 1:colcon.colcon_core.environment:checking '/home/shenmintao/work/autoware-zenoh-flow/workspace/message_convert/install/message_convert' for CMake module files
[3.477s] Level 1:colcon.colcon_core.environment:checking '/home/shenmintao/work/autoware-zenoh-flow/workspace/message_convert/install/message_convert' for CMake config files
[3.478s] Level 1:colcon.colcon_core.environment:checking '/home/shenmintao/work/autoware-zenoh-flow/workspace/message_convert/install/message_convert/bin'
[3.478s] Level 1:colcon.colcon_core.environment:checking '/home/shenmintao/work/autoware-zenoh-flow/workspace/message_convert/install/message_convert/lib/pkgconfig/message_convert.pc'
[3.478s] Level 1:colcon.colcon_core.environment:checking '/home/shenmintao/work/autoware-zenoh-flow/workspace/message_convert/install/message_convert/lib/python3.8/site-packages'
[3.479s] INFO:colcon.colcon_core.shell:Creating package script '/home/shenmintao/work/autoware-zenoh-flow/workspace/message_convert/install/message_convert/share/message_convert/package.ps1'
[3.480s] INFO:colcon.colcon_core.shell:Creating package descriptor '/home/shenmintao/work/autoware-zenoh-flow/workspace/message_convert/install/message_convert/share/message_convert/package.dsv'
[3.480s] INFO:colcon.colcon_core.shell:Creating package script '/home/shenmintao/work/autoware-zenoh-flow/workspace/message_convert/install/message_convert/share/message_convert/package.sh'
[3.481s] INFO:colcon.colcon_core.shell:Creating package script '/home/shenmintao/work/autoware-zenoh-flow/workspace/message_convert/install/message_convert/share/message_convert/package.bash'
[3.482s] INFO:colcon.colcon_core.shell:Creating package script '/home/shenmintao/work/autoware-zenoh-flow/workspace/message_convert/install/message_convert/share/message_convert/package.zsh'
[3.484s] Level 1:colcon.colcon_core.environment:create_file_with_runtime_dependencies(/home/shenmintao/work/autoware-zenoh-flow/workspace/message_convert/install/message_convert/share/colcon-core/packages/message_convert)
[3.495s] DEBUG:colcon.colcon_parallel_executor.executor.parallel:closing loop
[3.495s] DEBUG:colcon.colcon_parallel_executor.executor.parallel:loop closed
[3.495s] DEBUG:colcon.colcon_parallel_executor.executor.parallel:run_until_complete finished with '1'
[3.495s] DEBUG:colcon.colcon_core.event_reactor:joining thread
[3.503s] INFO:colcon.colcon_core.plugin_system:Skipping extension 'colcon_notification.desktop_notification.terminal_notifier': Not used on non-Darwin systems
[3.503s] INFO:colcon.colcon_core.plugin_system:Skipping extension 'colcon_notification.desktop_notification.win32': Not used on non-Windows systems
[3.503s] INFO:colcon.colcon_notification.desktop_notification:Sending desktop notification using 'notify2'
[3.528s] DEBUG:colcon.colcon_core.event_reactor:joined thread
[3.530s] INFO:colcon.colcon_core.shell:Creating prefix script '/home/shenmintao/work/autoware-zenoh-flow/workspace/message_convert/install/local_setup.ps1'
[3.533s] INFO:colcon.colcon_core.shell:Creating prefix util module '/home/shenmintao/work/autoware-zenoh-flow/workspace/message_convert/install/_local_setup_util_ps1.py'
[3.535s] INFO:colcon.colcon_core.shell:Creating prefix chain script '/home/shenmintao/work/autoware-zenoh-flow/workspace/message_convert/install/setup.ps1'
[3.538s] INFO:colcon.colcon_core.shell:Creating prefix script '/home/shenmintao/work/autoware-zenoh-flow/workspace/message_convert/install/local_setup.sh'
[3.539s] INFO:colcon.colcon_core.shell:Creating prefix util module '/home/shenmintao/work/autoware-zenoh-flow/workspace/message_convert/install/_local_setup_util_sh.py'
[3.539s] INFO:colcon.colcon_core.shell:Creating prefix chain script '/home/shenmintao/work/autoware-zenoh-flow/workspace/message_convert/install/setup.sh'
[3.542s] INFO:colcon.colcon_core.shell:Creating prefix script '/home/shenmintao/work/autoware-zenoh-flow/workspace/message_convert/install/local_setup.bash'
[3.543s] INFO:colcon.colcon_core.shell:Creating prefix chain script '/home/shenmintao/work/autoware-zenoh-flow/workspace/message_convert/install/setup.bash'
[3.546s] INFO:colcon.colcon_core.shell:Creating prefix script '/home/shenmintao/work/autoware-zenoh-flow/workspace/message_convert/install/local_setup.zsh'
[3.546s] INFO:colcon.colcon_core.shell:Creating prefix chain script '/home/shenmintao/work/autoware-zenoh-flow/workspace/message_convert/install/setup.zsh'
