[0.035s] Invoking command in '/home/shenmintao/work/autoware-zenoh-flow/workspace/message_convert/build/message_convert': CMAKE_PREFIX_PATH=${CMAKE_PREFIX_PATH}:/opt/ros/foxy /usr/bin/cmake /home/shenmintao/work/autoware-zenoh-flow/workspace/message_convert -DCMAKE_INSTALL_PREFIX=/home/shenmintao/work/autoware-zenoh-flow/workspace/message_convert/install/message_convert
[0.063s] -- Found ament_cmake_auto: 0.9.8 (/opt/ros/foxy/share/ament_cmake_auto/cmake)
[0.097s] -- Using PYTHON_EXECUTABLE: /usr/bin/python3
[0.317s] -- Found std_msgs: 2.0.4 (/opt/ros/foxy/share/std_msgs/cmake)
[0.341s] -- Using all available rosidl_typesupport_c: rosidl_typesupport_fastrtps_c;rosidl_typesupport_introspection_c
[0.344s] -- Found rosidl_adapter: 1.2.1 (/opt/ros/foxy/share/rosidl_adapter/cmake)
[0.513s] -- Using all available rosidl_typesupport_cpp: rosidl_typesupport_fastrtps_cpp;rosidl_typesupport_introspection_cpp
[0.566s] -- Found autoware_auto_msgs: 1.0.0 (/opt/AutowareAuto/share/autoware_auto_msgs/cmake)
[1.392s] CMake Error at /opt/ros/foxy/share/ament_cmake_auto/cmake/ament_auto_add_library.cmake:66 (add_library):
[1.392s]   add_library cannot create target "message_convert" because another target
[1.392s]   with the same name already exists.  The existing target is an interface
[1.393s]   library created in source directory
[1.393s]   "/home/shenmintao/work/autoware-zenoh-flow/workspace/message_convert".  See
[1.393s]   documentation for policy CMP0002 for more details.
[1.393s] Call Stack (most recent call first):
[1.394s]   CMakeLists.txt:33 (ament_auto_add_library)
[1.394s] 
[1.394s] 
[1.394s] CMake Error at /opt/ros/foxy/share/ament_cmake_target_dependencies/cmake/ament_target_dependencies.cmake:141 (target_include_directories):
[1.394s]   target_include_directories may only set INTERFACE properties on INTERFACE
[1.394s]   targets
[1.395s] Call Stack (most recent call first):
[1.395s]   CMakeLists.txt:40 (ament_target_dependencies)
[1.395s] 
[1.395s] 
[1.396s] CMake Error at /opt/ros/foxy/share/ament_cmake_target_dependencies/cmake/ament_target_dependencies.cmake:145 (target_link_libraries):
[1.396s]   INTERFACE library can only be used with the INTERFACE keyword of
[1.396s]   target_link_libraries
[1.396s] Call Stack (most recent call first):
[1.396s]   CMakeLists.txt:40 (ament_target_dependencies)
[1.396s] 
[1.397s] 
[1.397s] -- Found ament_lint_auto: 0.9.6 (/opt/ros/foxy/share/ament_lint_auto/cmake)
[1.405s] -- Added test 'copyright' to check source files copyright and LICENSE
[1.411s] -- Added test 'cppcheck' to perform static code analysis on C / C++ code
[1.411s] -- Configured cppcheck include dirs: $<BUILD_INTERFACE:/home/shenmintao/work/autoware-zenoh-flow/workspace/message_convert/include>
[1.411s] -- Configured cppcheck exclude dirs and/or files: 
[1.416s] -- Added test 'cpplint' to check C / C++ code against the Google style
[1.416s] -- Configured cpplint exclude dirs and/or files: 
[1.417s] -- Added test 'flake8' to check Python code syntax and style conventions
[1.418s] -- Added test 'lint_cmake' to check CMake code style
[1.419s] -- Added test 'pep257' to check Python code against some of the style conventions in PEP 257
[1.425s] -- Added test 'uncrustify' to check C / C++ code style
[1.425s] -- Configured uncrustify additional arguments: 
[1.426s] -- Added test 'xmllint' to check XML markup files
[1.428s] -- Configuring incomplete, errors occurred!
[1.428s] See also "/home/shenmintao/work/autoware-zenoh-flow/workspace/message_convert/build/message_convert/CMakeFiles/CMakeOutput.log".
[1.440s] Invoked command in '/home/shenmintao/work/autoware-zenoh-flow/workspace/message_convert/build/message_convert' returned '1': CMAKE_PREFIX_PATH=${CMAKE_PREFIX_PATH}:/opt/ros/foxy /usr/bin/cmake /home/shenmintao/work/autoware-zenoh-flow/workspace/message_convert -DCMAKE_INSTALL_PREFIX=/home/shenmintao/work/autoware-zenoh-flow/workspace/message_convert/install/message_convert
