[0.032s] Invoking command in '/home/shenmintao/work/autoware-zenoh-flow/workspace/message_convert/build/message_convert': CMAKE_PREFIX_PATH=${CMAKE_PREFIX_PATH}:/opt/ros/foxy /usr/bin/cmake /home/shenmintao/work/autoware-zenoh-flow/workspace/message_convert -DCMAKE_INSTALL_PREFIX=/home/shenmintao/work/autoware-zenoh-flow/workspace/message_convert/install/message_convert
[0.195s] -- The C compiler identification is GNU 9.3.0
[0.313s] -- The CXX compiler identification is GNU 9.3.0
[0.318s] -- Check for working C compiler: /usr/bin/cc
[0.535s] -- Check for working C compiler: /usr/bin/cc -- works
[0.536s] -- Detecting C compiler ABI info
[0.728s] -- Detecting C compiler ABI info - done
[0.746s] -- Detecting C compile features
[0.746s] -- Detecting C compile features - done
[0.750s] -- Check for working CXX compiler: /usr/bin/c++
[0.976s] -- Check for working CXX compiler: /usr/bin/c++ -- works
[0.977s] -- Detecting CXX compiler ABI info
[1.190s] -- Detecting CXX compiler ABI info - done
[1.211s] -- Detecting CXX compile features
[1.212s] -- Detecting CXX compile features - done
[1.215s] -- Found ament_cmake_auto: 0.9.8 (/opt/ros/foxy/share/ament_cmake_auto/cmake)
[1.263s] -- Found PythonInterp: /usr/bin/python3 (found suitable version "3.8.10", minimum required is "3") 
[1.264s] -- Using PYTHON_EXECUTABLE: /usr/bin/python3
[1.570s] -- Found std_msgs: 2.0.4 (/opt/ros/foxy/share/std_msgs/cmake)
[1.613s] -- Using all available rosidl_typesupport_c: rosidl_typesupport_fastrtps_c;rosidl_typesupport_introspection_c
[1.624s] -- Found rosidl_adapter: 1.2.1 (/opt/ros/foxy/share/rosidl_adapter/cmake)
[1.860s] -- Found OpenSSL: /usr/lib/x86_64-linux-gnu/libcrypto.so (found version "1.1.1f")  
[1.910s] -- Found FastRTPS: /opt/ros/foxy/include  
[2.042s] -- Using all available rosidl_typesupport_cpp: rosidl_typesupport_fastrtps_cpp;rosidl_typesupport_introspection_cpp
[2.109s] -- Found autoware_auto_msgs: 1.0.0 (/opt/AutowareAuto/share/autoware_auto_msgs/cmake)
[2.984s] CMake Error at /opt/ros/foxy/share/ament_cmake_auto/cmake/ament_auto_add_library.cmake:66 (add_library):
[2.984s]   add_library cannot create target "message_convert" because another target
[2.985s]   with the same name already exists.  The existing target is an interface
[2.985s]   library created in source directory
[2.985s]   "/home/shenmintao/work/autoware-zenoh-flow/workspace/message_convert".  See
[2.985s]   documentation for policy CMP0002 for more details.
[2.986s] Call Stack (most recent call first):
[2.986s]   CMakeLists.txt:35 (ament_auto_add_library)
[2.986s] 
[2.986s] 
[2.986s] CMake Error at /opt/ros/foxy/share/ament_cmake_target_dependencies/cmake/ament_target_dependencies.cmake:141 (target_include_directories):
[2.987s]   target_include_directories may only set INTERFACE properties on INTERFACE
[2.987s]   targets
[2.987s] Call Stack (most recent call first):
[2.987s]   CMakeLists.txt:42 (ament_target_dependencies)
[2.987s] 
[2.987s] 
[2.988s] CMake Error at /opt/ros/foxy/share/ament_cmake_target_dependencies/cmake/ament_target_dependencies.cmake:145 (target_link_libraries):
[2.988s]   INTERFACE library can only be used with the INTERFACE keyword of
[2.988s]   target_link_libraries
[2.988s] Call Stack (most recent call first):
[2.988s]   CMakeLists.txt:42 (ament_target_dependencies)
[2.989s] 
[2.989s] 
[2.989s] -- Found ament_lint_auto: 0.9.6 (/opt/ros/foxy/share/ament_lint_auto/cmake)
[3.012s] -- Added test 'copyright' to check source files copyright and LICENSE
[3.016s] -- Added test 'cppcheck' to perform static code analysis on C / C++ code
[3.017s] -- Configured cppcheck include dirs: $<BUILD_INTERFACE:/home/shenmintao/work/autoware-zenoh-flow/workspace/message_convert/include>
[3.017s] -- Configured cppcheck exclude dirs and/or files: 
[3.020s] -- Added test 'cpplint' to check C / C++ code against the Google style
[3.021s] -- Configured cpplint exclude dirs and/or files: 
[3.023s] -- Added test 'lint_cmake' to check CMake code style
[3.027s] -- Added test 'uncrustify' to check C / C++ code style
[3.027s] -- Configured uncrustify additional arguments: 
[3.028s] -- Added test 'xmllint' to check XML markup files
[3.031s] -- Configuring incomplete, errors occurred!
[3.031s] See also "/home/shenmintao/work/autoware-zenoh-flow/workspace/message_convert/build/message_convert/CMakeFiles/CMakeOutput.log".
[3.043s] Invoked command in '/home/shenmintao/work/autoware-zenoh-flow/workspace/message_convert/build/message_convert' returned '1': CMAKE_PREFIX_PATH=${CMAKE_PREFIX_PATH}:/opt/ros/foxy /usr/bin/cmake /home/shenmintao/work/autoware-zenoh-flow/workspace/message_convert -DCMAKE_INSTALL_PREFIX=/home/shenmintao/work/autoware-zenoh-flow/workspace/message_convert/install/message_convert
