-- Found ament_cmake_auto: 0.9.8 (/opt/ros/foxy/share/ament_cmake_auto/cmake)
-- Using PYTHON_EXECUTABLE: /usr/bin/python3
-- Found std_msgs: 2.0.4 (/opt/ros/foxy/share/std_msgs/cmake)
-- Using all available rosidl_typesupport_c: rosidl_typesupport_fastrtps_c;rosidl_typesupport_introspection_c
-- Found rosidl_adapter: 1.2.1 (/opt/ros/foxy/share/rosidl_adapter/cmake)
-- Using all available rosidl_typesupport_cpp: rosidl_typesupport_fastrtps_cpp;rosidl_typesupport_introspection_cpp
-- Found autoware_auto_msgs: 1.0.0 (/opt/AutowareAuto/share/autoware_auto_msgs/cmake)
-- Found ament_lint_auto: 0.9.6 (/opt/ros/foxy/share/ament_lint_auto/cmake)
-- Added test 'copyright' to check source files copyright and LICENSE
-- Added test 'cppcheck' to perform static code analysis on C / C++ code
-- Configured cppcheck include dirs: /home/shenmintao/work/autoware-zenoh-flow/workspace/message_convert/include
-- Configured cppcheck exclude dirs and/or files: 
-- Added test 'cpplint' to check C / C++ code against the Google style
-- Configured cpplint exclude dirs and/or files: 
-- Added test 'flake8' to check Python code syntax and style conventions
-- Added test 'lint_cmake' to check CMake code style
-- Added test 'pep257' to check Python code against some of the style conventions in PEP 257
-- Added test 'uncrustify' to check C / C++ code style
-- Configured uncrustify additional arguments: 
-- Added test 'xmllint' to check XML markup files
-- Configuring done
-- Generating done
-- Build files have been written to: /home/shenmintao/work/autoware-zenoh-flow/workspace/message_convert/build/message_convert
[35m[1mScanning dependencies of target message_convert[0m
[ 20%] [32mBuilding CXX object CMakeFiles/message_convert.dir/src/autoware_auto_msgs.cpp.o[0m
[ 40%] [32mBuilding CXX object CMakeFiles/message_convert.dir/src/std_msgs.cpp.o[0m
[ 60%] [32mBuilding CXX object CMakeFiles/message_convert.dir/src/geometry_msgs.cpp.o[0m
[ 80%] [32mBuilding CXX object CMakeFiles/message_convert.dir/src/builtin_interfaces.cpp.o[0m
[100%] [32m[1mLinking CXX shared library libmessage_convert.so[0m
[100%] Built target message_convert
-- Install configuration: ""
-- Installing: /home/shenmintao/work/autoware-zenoh-flow/workspace/message_convert/install/message_convert/lib/libmessage_convert.so
-- Set runtime path of "/home/shenmintao/work/autoware-zenoh-flow/workspace/message_convert/install/message_convert/lib/libmessage_convert.so" to ""
-- Installing: /home/shenmintao/work/autoware-zenoh-flow/workspace/message_convert/install/message_convert/include/message_convert
-- Installing: /home/shenmintao/work/autoware-zenoh-flow/workspace/message_convert/install/message_convert/include/message_convert/std_msgs.hpp
-- Installing: /home/shenmintao/work/autoware-zenoh-flow/workspace/message_convert/install/message_convert/include/message_convert/geometry_msgs.hpp
-- Installing: /home/shenmintao/work/autoware-zenoh-flow/workspace/message_convert/install/message_convert/include/message_convert/autoware_auto_msgs.hpp
-- Installing: /home/shenmintao/work/autoware-zenoh-flow/workspace/message_convert/install/message_convert/include/message_convert/builtin_interfaces.hpp
-- Installing: /home/shenmintao/work/autoware-zenoh-flow/workspace/message_convert/install/message_convert/share/ament_index/resource_index/package_run_dependencies/message_convert
-- Installing: /home/shenmintao/work/autoware-zenoh-flow/workspace/message_convert/install/message_convert/share/ament_index/resource_index/parent_prefix_path/message_convert
-- Installing: /home/shenmintao/work/autoware-zenoh-flow/workspace/message_convert/install/message_convert/share/message_convert/environment/ament_prefix_path.sh
-- Installing: /home/shenmintao/work/autoware-zenoh-flow/workspace/message_convert/install/message_convert/share/message_convert/environment/ament_prefix_path.dsv
-- Installing: /home/shenmintao/work/autoware-zenoh-flow/workspace/message_convert/install/message_convert/share/message_convert/environment/path.sh
-- Installing: /home/shenmintao/work/autoware-zenoh-flow/workspace/message_convert/install/message_convert/share/message_convert/environment/path.dsv
-- Installing: /home/shenmintao/work/autoware-zenoh-flow/workspace/message_convert/install/message_convert/share/message_convert/local_setup.bash
-- Installing: /home/shenmintao/work/autoware-zenoh-flow/workspace/message_convert/install/message_convert/share/message_convert/local_setup.sh
-- Installing: /home/shenmintao/work/autoware-zenoh-flow/workspace/message_convert/install/message_convert/share/message_convert/local_setup.zsh
-- Installing: /home/shenmintao/work/autoware-zenoh-flow/workspace/message_convert/install/message_convert/share/message_convert/local_setup.dsv
-- Installing: /home/shenmintao/work/autoware-zenoh-flow/workspace/message_convert/install/message_convert/share/message_convert/package.dsv
-- Installing: /home/shenmintao/work/autoware-zenoh-flow/workspace/message_convert/install/message_convert/share/ament_index/resource_index/packages/message_convert
-- Installing: /home/shenmintao/work/autoware-zenoh-flow/workspace/message_convert/install/message_convert/share/message_convert/cmake/message_convertConfig.cmake
-- Installing: /home/shenmintao/work/autoware-zenoh-flow/workspace/message_convert/install/message_convert/share/message_convert/cmake/message_convertConfig-version.cmake
-- Installing: /home/shenmintao/work/autoware-zenoh-flow/workspace/message_convert/install/message_convert/share/message_convert/package.xml
