[0.037s] Invoking command in '/home/shenmintao/work/autoware-zenoh-flow/workspace/message_convert/build/message_convert': CMAKE_PREFIX_PATH=${CMAKE_PREFIX_PATH}:/opt/ros/foxy /usr/bin/cmake /home/shenmintao/work/autoware-zenoh-flow/workspace/message_convert -DCMAKE_INSTALL_PREFIX=/home/shenmintao/work/autoware-zenoh-flow/workspace/message_convert/install/message_convert
[0.070s] -- Found ament_cmake_auto: 0.9.8 (/opt/ros/foxy/share/ament_cmake_auto/cmake)
[0.107s] -- Using PYTHON_EXECUTABLE: /usr/bin/python3
[0.360s] -- Found std_msgs: 2.0.4 (/opt/ros/foxy/share/std_msgs/cmake)
[0.388s] -- Using all available rosidl_typesupport_c: rosidl_typesupport_fastrtps_c;rosidl_typesupport_introspection_c
[0.392s] -- Found rosidl_adapter: 1.2.1 (/opt/ros/foxy/share/rosidl_adapter/cmake)
[0.601s] -- Using all available rosidl_typesupport_cpp: rosidl_typesupport_fastrtps_cpp;rosidl_typesupport_introspection_cpp
[0.660s] -- Found autoware_auto_msgs: 1.0.0 (/opt/AutowareAuto/share/autoware_auto_msgs/cmake)
[1.497s] -- Found ament_lint_auto: 0.9.6 (/opt/ros/foxy/share/ament_lint_auto/cmake)
[1.506s] -- Added test 'copyright' to check source files copyright and LICENSE
[1.512s] -- Added test 'cppcheck' to perform static code analysis on C / C++ code
[1.513s] -- Configured cppcheck include dirs: /home/shenmintao/work/autoware-zenoh-flow/workspace/message_convert/include
[1.513s] -- Configured cppcheck exclude dirs and/or files: 
[1.518s] -- Added test 'cpplint' to check C / C++ code against the Google style
[1.518s] -- Configured cpplint exclude dirs and/or files: 
[1.519s] -- Added test 'flake8' to check Python code syntax and style conventions
[1.521s] -- Added test 'lint_cmake' to check CMake code style
[1.522s] -- Added test 'pep257' to check Python code against some of the style conventions in PEP 257
[1.527s] -- Added test 'uncrustify' to check C / C++ code style
[1.528s] -- Configured uncrustify additional arguments: 
[1.528s] -- Added test 'xmllint' to check XML markup files
[1.531s] -- Configuring done
[1.542s] -- Generating done
[1.543s] -- Build files have been written to: /home/shenmintao/work/autoware-zenoh-flow/workspace/message_convert/build/message_convert
[1.553s] Invoked command in '/home/shenmintao/work/autoware-zenoh-flow/workspace/message_convert/build/message_convert' returned '0': CMAKE_PREFIX_PATH=${CMAKE_PREFIX_PATH}:/opt/ros/foxy /usr/bin/cmake /home/shenmintao/work/autoware-zenoh-flow/workspace/message_convert -DCMAKE_INSTALL_PREFIX=/home/shenmintao/work/autoware-zenoh-flow/workspace/message_convert/install/message_convert
[1.560s] Invoking command in '/home/shenmintao/work/autoware-zenoh-flow/workspace/message_convert/build/message_convert': CMAKE_PREFIX_PATH=${CMAKE_PREFIX_PATH}:/opt/ros/foxy /usr/bin/cmake --build /home/shenmintao/work/autoware-zenoh-flow/workspace/message_convert/build/message_convert -- -j20 -l20
[1.710s] [35m[1mScanning dependencies of target message_convert[0m
[1.765s] [ 20%] [32mBuilding CXX object CMakeFiles/message_convert.dir/src/autoware_auto_msgs.cpp.o[0m
[1.772s] [ 40%] [32mBuilding CXX object CMakeFiles/message_convert.dir/src/std_msgs.cpp.o[0m
[1.772s] [ 60%] [32mBuilding CXX object CMakeFiles/message_convert.dir/src/geometry_msgs.cpp.o[0m
[1.775s] [ 80%] [32mBuilding CXX object CMakeFiles/message_convert.dir/src/builtin_interfaces.cpp.o[0m
[2.223s] [100%] [32m[1mLinking CXX shared library libmessage_convert.so[0m
[2.368s] [100%] Built target message_convert
[2.404s] Invoked command in '/home/shenmintao/work/autoware-zenoh-flow/workspace/message_convert/build/message_convert' returned '0': CMAKE_PREFIX_PATH=${CMAKE_PREFIX_PATH}:/opt/ros/foxy /usr/bin/cmake --build /home/shenmintao/work/autoware-zenoh-flow/workspace/message_convert/build/message_convert -- -j20 -l20
[2.647s] Invoking command in '/home/shenmintao/work/autoware-zenoh-flow/workspace/message_convert/build/message_convert': CMAKE_PREFIX_PATH=${CMAKE_PREFIX_PATH}:/opt/ros/foxy /usr/bin/cmake --install /home/shenmintao/work/autoware-zenoh-flow/workspace/message_convert/build/message_convert
[2.674s] -- Install configuration: ""
[2.675s] -- Installing: /home/shenmintao/work/autoware-zenoh-flow/workspace/message_convert/install/message_convert/lib/libmessage_convert.so
[2.675s] -- Set runtime path of "/home/shenmintao/work/autoware-zenoh-flow/workspace/message_convert/install/message_convert/lib/libmessage_convert.so" to ""
[2.675s] -- Installing: /home/shenmintao/work/autoware-zenoh-flow/workspace/message_convert/install/message_convert/include/message_convert
[2.676s] -- Installing: /home/shenmintao/work/autoware-zenoh-flow/workspace/message_convert/install/message_convert/include/message_convert/std_msgs.hpp
[2.676s] -- Installing: /home/shenmintao/work/autoware-zenoh-flow/workspace/message_convert/install/message_convert/include/message_convert/geometry_msgs.hpp
[2.676s] -- Installing: /home/shenmintao/work/autoware-zenoh-flow/workspace/message_convert/install/message_convert/include/message_convert/autoware_auto_msgs.hpp
[2.677s] -- Installing: /home/shenmintao/work/autoware-zenoh-flow/workspace/message_convert/install/message_convert/include/message_convert/builtin_interfaces.hpp
[2.677s] -- Installing: /home/shenmintao/work/autoware-zenoh-flow/workspace/message_convert/install/message_convert/share/ament_index/resource_index/package_run_dependencies/message_convert
[2.677s] -- Installing: /home/shenmintao/work/autoware-zenoh-flow/workspace/message_convert/install/message_convert/share/ament_index/resource_index/parent_prefix_path/message_convert
[2.678s] -- Installing: /home/shenmintao/work/autoware-zenoh-flow/workspace/message_convert/install/message_convert/share/message_convert/environment/ament_prefix_path.sh
[2.678s] -- Installing: /home/shenmintao/work/autoware-zenoh-flow/workspace/message_convert/install/message_convert/share/message_convert/environment/ament_prefix_path.dsv
[2.678s] -- Installing: /home/shenmintao/work/autoware-zenoh-flow/workspace/message_convert/install/message_convert/share/message_convert/environment/path.sh
[2.678s] -- Installing: /home/shenmintao/work/autoware-zenoh-flow/workspace/message_convert/install/message_convert/share/message_convert/environment/path.dsv
[2.678s] -- Installing: /home/shenmintao/work/autoware-zenoh-flow/workspace/message_convert/install/message_convert/share/message_convert/local_setup.bash
[2.678s] -- Installing: /home/shenmintao/work/autoware-zenoh-flow/workspace/message_convert/install/message_convert/share/message_convert/local_setup.sh
[2.679s] -- Installing: /home/shenmintao/work/autoware-zenoh-flow/workspace/message_convert/install/message_convert/share/message_convert/local_setup.zsh
[2.680s] -- Installing: /home/shenmintao/work/autoware-zenoh-flow/workspace/message_convert/install/message_convert/share/message_convert/local_setup.dsv
[2.681s] -- Installing: /home/shenmintao/work/autoware-zenoh-flow/workspace/message_convert/install/message_convert/share/message_convert/package.dsv
[2.681s] -- Installing: /home/shenmintao/work/autoware-zenoh-flow/workspace/message_convert/install/message_convert/share/ament_index/resource_index/packages/message_convert
[2.681s] -- Installing: /home/shenmintao/work/autoware-zenoh-flow/workspace/message_convert/install/message_convert/share/message_convert/cmake/message_convertConfig.cmake
[2.682s] -- Installing: /home/shenmintao/work/autoware-zenoh-flow/workspace/message_convert/install/message_convert/share/message_convert/cmake/message_convertConfig-version.cmake
[2.682s] -- Installing: /home/shenmintao/work/autoware-zenoh-flow/workspace/message_convert/install/message_convert/share/message_convert/package.xml
[2.682s] Invoked command in '/home/shenmintao/work/autoware-zenoh-flow/workspace/message_convert/build/message_convert' returned '0': CMAKE_PREFIX_PATH=${CMAKE_PREFIX_PATH}:/opt/ros/foxy /usr/bin/cmake --install /home/shenmintao/work/autoware-zenoh-flow/workspace/message_convert/build/message_convert
